生成启动时间为 2017/8/18 10:42:36。
     1>项目“E:\mint\share\vs\bank\bankcli\bankcli\bankcli.vcxproj”在节点 2 上(Build 个目标)。
     1>ClCompile:
         E:\study\vs2013\VC\bin\CL.exe /c /I"C:\Program Files (x86)\MySQL\MySQL Server 5.5\include" /ZI /nologo /W3 /WX- /sdl /Od /Oy- /D WIN32 /D _DEBUG /D _CONSOLE /D _LIB /D _UNICODE /D UNICODE /Gm /EHsc /RTC1 /MDd /GS /fp:precise /Zc:wchar_t /Zc:forScope /Fo"Debug\\" /Fd"Debug\vc120.pdb" /Gd /TP /analyze- /errorReport:prompt changepasswd.cpp client.cpp drow.cpp enter.cpp main.cpp opencont.cpp query.cpp save.cpp transfer.cpp
         client.cpp
         changepasswd.cpp
     1>e:\mint\share\vs\bank\bankcli\bankcli\changepasswd.cpp(18): warning C4018: “>=”: 有符号/无符号不匹配
     1>e:\mint\share\vs\bank\bankcli\bankcli\changepasswd.cpp(27): warning C4018: “>=”: 有符号/无符号不匹配
         正在生成代码...
         正在编译...
         transfer.cpp
     1>e:\mint\share\vs\bank\bankcli\bankcli\transfer.cpp(20): warning C4018: “>=”: 有符号/无符号不匹配
         save.cpp
         query.cpp
         opencont.cpp
     1>e:\mint\share\vs\bank\bankcli\bankcli\opencont.cpp(21): warning C4018: “>=”: 有符号/无符号不匹配
         main.cpp
         enter.cpp
         drow.cpp
     1>e:\mint\share\vs\bank\bankcli\bankcli\drow.cpp(19): warning C4018: “>=”: 有符号/无符号不匹配
         正在生成代码...
       Link:
         E:\study\vs2013\VC\bin\link.exe /ERRORREPORT:PROMPT /OUT:"E:\mint\share\vs\bank\bankcli\Debug\bankcli.exe" /INCREMENTAL /NOLOGO /LIBPATH:"C:\Program Files (x86)\MySQL\MySQL Server 5.5\lib" libmysql.lib kernel32.lib user32.lib gdi32.lib winspool.lib comdlg32.lib advapi32.lib shell32.lib ole32.lib oleaut32.lib uuid.lib odbc32.lib odbccp32.lib kernel32.lib user32.lib gdi32.lib winspool.lib comdlg32.lib advapi32.lib shell32.lib ole32.lib oleaut32.lib uuid.lib odbc32.lib odbccp32.lib /MANIFEST /MANIFESTUAC:"level='asInvoker' uiAccess='false'" /manifest:embed /DEBUG /PDB:"E:\mint\share\vs\bank\bankcli\Debug\bankcli.pdb" /SUBSYSTEM:CONSOLE /TLBID:1 /DYNAMICBASE /NXCOMPAT /IMPLIB:"E:\mint\share\vs\bank\bankcli\Debug\bankcli.lib" /MACHINE:X86 Debug\changepasswd.obj
         Debug\client.obj
         Debug\drow.obj
         Debug\enter.obj
         Debug\main.obj
         Debug\opencont.obj
         Debug\query.obj
         Debug\save.obj
         Debug\transfer.obj
         bankcli.vcxproj -> E:\mint\share\vs\bank\bankcli\Debug\bankcli.exe
     1>已完成生成项目“E:\mint\share\vs\bank\bankcli\bankcli\bankcli.vcxproj”(Build 个目标)的操作。

生成成功。

已用时间 00:00:10.96
